<?xml version="1.0" encoding="UTF-8"?>
<!-- Generated by org.testng.reporters.JUnitReportReporter -->
<testsuite hostname="sf-cpu-558" failures="0" tests="1" name="tests.Demo" time="10.446" errors="0" timestamp="2023-10-09T15:40:11 IST" skipped="0">
  <testcase classname="tests.Demo" name="VeriftTitle" time="10.446"/>
  <system-out/>
</testsuite> <!-- tests.Demo -->
